/*C1*/SET SCHEMA PUBLIC
CONNECT USER SA
/*C2*/SET SCHEMA PUBLIC
CONNECT USER SA
SET AUTOCOMMIT FALSE
/*C1*/SET AUTOCOMMIT FALSE
SET AUTOCOMMIT TRUE
SET AUTOCOMMIT FALSE
SET AUTOCOMMIT TRUE
SET AUTOCOMMIT FALSE
SET AUTOCOMMIT TRUE
SET AUTOCOMMIT FALSE
INSERT INTO OSGI_CM_PROPERTIES VALUES(1,0,'edu.northwestern.bioinformatics.studycalendar.security.psc-authentication-socket','service.pid','SINGLE','String')
INSERT INTO OSGI_CM_PROPERTIES VALUES(2,0,'edu.northwestern.bioinformatics.studycalendar.security.psc-authentication-socket','_felix_.cm.newConfiguration','SINGLE','Boolean')
INSERT INTO OSGI_CM_PROPERTY_VALUES VALUES(0,1,'edu.northwestern.bioinformatics.studycalendar.security.psc-authentication-socket')
INSERT INTO OSGI_CM_PROPERTY_VALUES VALUES(0,2,'true')
COMMIT
SET AUTOCOMMIT TRUE
SET AUTOCOMMIT FALSE
DELETE FROM OSGI_CM_PROPERTIES WHERE ID=1
INSERT INTO OSGI_CM_PROPERTIES VALUES(1,1,'edu.northwestern.bioinformatics.studycalendar.security.psc-authentication-socket','service.pid','SINGLE','String')
DELETE FROM OSGI_CM_PROPERTY_VALUES WHERE LIST_INDEX=0 AND PROPERTY_ID=2 AND VALUE='true'
DELETE FROM OSGI_CM_PROPERTIES WHERE ID=2
COMMIT
SET AUTOCOMMIT TRUE
/*C3*/SET SCHEMA PUBLIC
CONNECT USER SA
/*C4*/SET SCHEMA PUBLIC
CONNECT USER SA
DISCONNECT
/*C3*/SET AUTOCOMMIT FALSE
SET AUTOCOMMIT TRUE
SET AUTOCOMMIT FALSE
SET AUTOCOMMIT TRUE
SET AUTOCOMMIT FALSE
SET AUTOCOMMIT TRUE
/*C5*/SET SCHEMA PUBLIC
CONNECT USER SA
/*C6*/SET SCHEMA PUBLIC
CONNECT USER SA
DISCONNECT
/*C3*/DISCONNECT
/*C7*/SET SCHEMA PUBLIC
CONNECT USER SA
/*C5*/DISCONNECT
/*C1*/SET AUTOCOMMIT FALSE
SET AUTOCOMMIT TRUE
SET AUTOCOMMIT FALSE
INSERT INTO OSGI_CM_PROPERTIES VALUES(3,0,'edu.northwestern.bioinformatics.studycalendar.security.psc-authentication-socket','authenticationSystem','SINGLE','String')
DELETE FROM OSGI_CM_PROPERTIES WHERE ID=1
INSERT INTO OSGI_CM_PROPERTIES VALUES(1,2,'edu.northwestern.bioinformatics.studycalendar.security.psc-authentication-socket','service.pid','SINGLE','String')
INSERT INTO OSGI_CM_PROPERTY_VALUES VALUES(0,3,'edu.northwestern.bioinformatics.psc-authentication-local-plugin')
COMMIT
SET AUTOCOMMIT TRUE
SET AUTOCOMMIT FALSE
INSERT INTO AUTHENTICATION_SYSTEM_CONF VALUES('authenticationSystem','edu.northwestern.bioinformatics.psc-authentication-local-plugin',0)
COMMIT
SET AUTOCOMMIT TRUE
/*C2*/INSERT INTO CSM_USER VALUES(0,'superuser','Sue','User','','','','','sAybp9IVe7feRIv4iO8hcA==','sue@nihil.it',NULL,NULL,'2011-05-12 00:00:00.000000000',0,'')
COMMIT
INSERT INTO CSM_USER_GROUP VALUES(0,0,1)
COMMIT
/*C8*/SET SCHEMA PUBLIC
CONNECT USER SA
DISCONNECT
/*C7*/SET AUTOCOMMIT FALSE
INSERT INTO SITES VALUES(1,'Northwestern University',0,'31b8f213-f049-4c63-8aaf-227a124de4f4','IL036',NULL,NULL)
INSERT INTO AUDIT_EVENTS VALUES(1,'0:0:0:0:0:0:0:1%0','<not logged in>','2011-05-12 12:56:35.147000000','edu.northwestern.bioinformatics.studycalendar.domain.Site','CREATE','/setup/k/_cA52DC72E-7679-040C-6463-D92F80B7D5E9_k01508079-D87D-F4C5-5CFB-741D8301D804',0,1,NULL,NULL)
INSERT INTO AUDIT_EVENT_VALUES VALUES(1,1,'gridId',NULL,'31b8f213-f049-4c63-8aaf-227a124de4f4',0,NULL)
INSERT INTO AUDIT_EVENT_VALUES VALUES(2,1,'version',NULL,'0',0,NULL)
INSERT INTO AUDIT_EVENT_VALUES VALUES(3,1,'assignedIdentifier',NULL,'IL036',0,NULL)
INSERT INTO AUDIT_EVENT_VALUES VALUES(4,1,'name',NULL,'Northwestern University',0,NULL)
COMMIT
SET AUTOCOMMIT TRUE
SET AUTOCOMMIT FALSE
INSERT INTO SOURCES VALUES(2,'psc.rb manual',0,'d5c363e4-1db8-43b1-b386-080a14e7cc15',TRUE)
INSERT INTO AUDIT_EVENTS VALUES(2,'0:0:0:0:0:0:0:1%0','<not logged in>','2011-05-12 12:56:46.564000000','edu.northwestern.bioinformatics.studycalendar.domain.Source','CREATE','/setup/k/_cA52DC72E-7679-040C-6463-D92F80B7D5E9_k01508079-D87D-F4C5-5CFB-741D8301D804',0,2,NULL,NULL)
INSERT INTO AUDIT_EVENT_VALUES VALUES(5,2,'gridId',NULL,'d5c363e4-1db8-43b1-b386-080a14e7cc15',0,NULL)
INSERT INTO AUDIT_EVENT_VALUES VALUES(6,2,'version',NULL,'0',0,NULL)
INSERT INTO AUDIT_EVENT_VALUES VALUES(7,2,'manualFlag',NULL,'true',0,NULL)
INSERT INTO AUDIT_EVENT_VALUES VALUES(8,2,'name',NULL,'psc.rb manual',0,NULL)
COMMIT
SET AUTOCOMMIT TRUE
SET AUTOCOMMIT FALSE
SET AUTOCOMMIT TRUE
SET AUTOCOMMIT FALSE
SET AUTOCOMMIT TRUE
/*C9*/SET SCHEMA PUBLIC
CONNECT USER SA
/*C7*/DISCONNECT
/*C10*/SET SCHEMA PUBLIC
CONNECT USER SA
/*C11*/SET SCHEMA PUBLIC
CONNECT USER SA
/*C1*/DISCONNECT
/*C10*/DISCONNECT
/*C12*/SET SCHEMA PUBLIC
CONNECT USER SA
/*C13*/SET SCHEMA PUBLIC
CONNECT USER SA
/*C9*/DISCONNECT
/*C12*/DISCONNECT
/*C2*/DELETE FROM CSM_USER WHERE USER_ID=0
INSERT INTO CSM_USER VALUES(0,'superuser','Sue','User','','','','','sAybp9IVe7feRIv4iO8hcA==','sue@nihil.it',NULL,NULL,'2011-05-12 00:00:00.000000000',0,'')
COMMIT
INSERT INTO CSM_USER_GROUP VALUES(1,0,5)
COMMIT
INSERT INTO CSM_PROTECTION_ELEMENT VALUES(0,'HealthcareSite','','HealthcareSite','','','',2,'2011-05-12')
COMMIT
INSERT INTO CSM_PROTECTION_GROUP VALUES(0,'HealthcareSite','',2,0,'2011-05-12',NULL)
COMMIT
INSERT INTO CSM_PG_PE VALUES(0,0,0,'2011-05-12')
COMMIT
INSERT INTO CSM_USER_GROUP_ROLE_PG VALUES(0,0,NULL,5,0,'2011-05-12')
COMMIT
/*C14*/SET SCHEMA PUBLIC
CONNECT USER SA
/*C15*/SET SCHEMA PUBLIC
CONNECT USER SA
DISCONNECT
/*C14*/DISCONNECT
/*C16*/SET SCHEMA PUBLIC
CONNECT USER SA
DISCONNECT
/*C2*/DELETE FROM CSM_USER WHERE USER_ID=0
INSERT INTO CSM_USER VALUES(0,'superuser','Sue','User','','','','','sAybp9IVe7feRIv4iO8hcA==','sue@nihil.it',NULL,NULL,'2011-05-12 00:00:00.000000000',0,'')
COMMIT
INSERT INTO CSM_USER_GROUP VALUES(2,0,7)
COMMIT
INSERT INTO CSM_USER_GROUP_ROLE_PG VALUES(1,0,NULL,7,0,'2011-05-12')
COMMIT
INSERT INTO CSM_USER_GROUP VALUES(3,0,12)
COMMIT
INSERT INTO CSM_USER_GROUP_ROLE_PG VALUES(2,0,NULL,12,0,'2011-05-12')
COMMIT
INSERT INTO CSM_USER_GROUP VALUES(4,0,6)
COMMIT
INSERT INTO CSM_USER_GROUP_ROLE_PG VALUES(3,0,NULL,6,0,'2011-05-12')
COMMIT
INSERT INTO CSM_USER_GROUP VALUES(5,0,10)
COMMIT
INSERT INTO CSM_USER_GROUP_ROLE_PG VALUES(4,0,NULL,10,0,'2011-05-12')
COMMIT
INSERT INTO CSM_USER_GROUP VALUES(6,0,9)
COMMIT
INSERT INTO CSM_USER_GROUP_ROLE_PG VALUES(5,0,NULL,9,0,'2011-05-12')
COMMIT
INSERT INTO CSM_USER_GROUP VALUES(7,0,14)
COMMIT
INSERT INTO CSM_USER_GROUP_ROLE_PG VALUES(6,0,NULL,14,0,'2011-05-12')
COMMIT
INSERT INTO CSM_USER_GROUP VALUES(8,0,15)
COMMIT
INSERT INTO CSM_USER_GROUP_ROLE_PG VALUES(7,0,NULL,15,0,'2011-05-12')
COMMIT
INSERT INTO CSM_USER_GROUP VALUES(9,0,22)
COMMIT
INSERT INTO CSM_USER_GROUP_ROLE_PG VALUES(8,0,NULL,22,0,'2011-05-12')
COMMIT
INSERT INTO CSM_USER_GROUP VALUES(10,0,3)
COMMIT
INSERT INTO CSM_USER_GROUP_ROLE_PG VALUES(9,0,NULL,3,0,'2011-05-12')
COMMIT
INSERT INTO CSM_USER_GROUP VALUES(11,0,17)
COMMIT
INSERT INTO CSM_USER_GROUP_ROLE_PG VALUES(10,0,NULL,17,0,'2011-05-12')
COMMIT
INSERT INTO CSM_USER_GROUP VALUES(12,0,21)
COMMIT
INSERT INTO CSM_USER_GROUP_ROLE_PG VALUES(11,0,NULL,21,0,'2011-05-12')
COMMIT
INSERT INTO CSM_USER_GROUP VALUES(13,0,16)
COMMIT
INSERT INTO CSM_USER_GROUP_ROLE_PG VALUES(12,0,NULL,16,0,'2011-05-12')
COMMIT
INSERT INTO CSM_PROTECTION_ELEMENT VALUES(1,'Study','','Study','','','',2,'2011-05-12')
COMMIT
INSERT INTO CSM_PROTECTION_GROUP VALUES(1,'Study','',2,0,'2011-05-12',NULL)
COMMIT
INSERT INTO CSM_PG_PE VALUES(1,1,1,'2011-05-12')
COMMIT
INSERT INTO CSM_USER_GROUP_ROLE_PG VALUES(13,0,NULL,12,1,'2011-05-12')
COMMIT
INSERT INTO CSM_USER_GROUP_ROLE_PG VALUES(14,0,NULL,15,1,'2011-05-12')
COMMIT
INSERT INTO CSM_USER_GROUP_ROLE_PG VALUES(15,0,NULL,22,1,'2011-05-12')
COMMIT
INSERT INTO CSM_USER_GROUP_ROLE_PG VALUES(16,0,NULL,17,1,'2011-05-12')
COMMIT
INSERT INTO CSM_USER_GROUP_ROLE_PG VALUES(17,0,NULL,21,1,'2011-05-12')
COMMIT
INSERT INTO CSM_USER_GROUP_ROLE_PG VALUES(18,0,NULL,16,1,'2011-05-12')
COMMIT
INSERT INTO CSM_USER_GROUP VALUES(14,0,4)
COMMIT
INSERT INTO CSM_USER_GROUP VALUES(15,0,2)
COMMIT
